#
# There is insufficient memory for the Java Runtime Environment to continue.
# Native memory allocation (malloc) failed to allocate 32744 bytes for ChunkPool::allocate
# Possible reasons:
#   The system is out of physical RAM or swap space
#   The process is running with CompressedOops enabled, and the Java Heap may be blocking the growth of the native heap
# Possible solutions:
#   Reduce memory load on the system
#   Increase physical memory or swap space
#   Check if swap backing store is full
#   Decrease Java heap size (-Xmx/-Xms)
#   Decrease number of Java threads
#   Decrease Java thread stack sizes (-Xss)
#   Set larger code cache with -XX:ReservedCodeCacheSize=
#   JVM is running with Zero Based Compressed Oops mode in which the Java heap is
#     placed in the first 32GB address space. The Java Heap base address is the
#     maximum limit for the native heap growth. Please use -XX:HeapBaseMinAddress
#     to set the Java Heap base and to place the Java Heap above 32GB virtual address.
# This output file may be truncated or incomplete.
#
#  Out of Memory Error (allocation.cpp:272), pid=12108, tid=0x0000000000001de4
#
# JRE version: OpenJDK Runtime Environment (8.0_322-b06) (build 1.8.0_322-b06)
# Java VM: OpenJDK 64-Bit Server VM (25.322-b06 mixed mode windows-amd64 compressed oops)
# Failed to write core dump. Minidumps are not enabled by default on client versions of Windows
#

---------------  T H R E A D  ---------------

Current thread (0x000001dd484be800):  JavaThread "C2 CompilerThread0" daemon [_thread_in_native, id=7652, stack(0x00000040bb500000,0x00000040bb600000)]

Stack: [0x00000040bb500000,0x00000040bb600000]
[error occurred during error reporting (printing stack bounds), id 0xc0000005]

Native frames: (J=compiled Java code, j=interpreted, Vv=VM code, C=native code)


Current CompileTask:
C2:  61255 7611   !   4       java.net.URL::<init> (543 bytes)


---------------  P R O C E S S  ---------------

Java Threads: ( => current thread )
  0x000001dd48bf0000 JavaThread "Timer-2" daemon [_thread_blocked, id=15980, stack(0x00000040bc700000,0x00000040bc800000)]
  0x000001dd48bef800 JavaThread "Timer-1" daemon [_thread_blocked, id=12564, stack(0x00000040bc600000,0x00000040bc700000)]
  0x000001dd48bf1000 JavaThread "BLOB Server listener at 53168" daemon [_thread_in_native, id=5228, stack(0x00000040bc500000,0x00000040bc600000)]
  0x000001dd48bee000 JavaThread "Timer-0" daemon [_thread_blocked, id=17736, stack(0x00000040bbc00000,0x00000040bbd00000)]
  0x000001dd48bf5000 JavaThread "ForkJoinPool.commonPool-worker-1" daemon [_thread_blocked, id=20072, stack(0x00000040baa00000,0x00000040bab00000)]
  0x000001dd48bf3800 JavaThread "flink-metrics-akka.actor.supervisor-dispatcher-3" [_thread_blocked, id=7688, stack(0x00000040ba800000,0x00000040ba900000)]
  0x000001dd4f20a800 JavaThread "flink-metrics-2" [_thread_in_vm, id=9948, stack(0x00000040bc200000,0x00000040bc300000)]
  0x000001dd4b3cf000 JavaThread "flink-metrics-scheduler-1" [_thread_blocked, id=15168, stack(0x00000040bc100000,0x00000040bc200000)]
  0x000001dd4f31b000 JavaThread "flink-akka.actor.supervisor-dispatcher-6" [_thread_blocked, id=2804, stack(0x00000040bc000000,0x00000040bc100000)]
  0x000001dd4ab06000 JavaThread "flink-akka.actor.default-dispatcher-5" [_thread_blocked, id=12916, stack(0x00000040bbf00000,0x00000040bc000000)]
  0x000001dd47e86000 JavaThread "flink-akka.actor.default-dispatcher-4" [_thread_blocked, id=15608, stack(0x00000040bbe00000,0x00000040bbf00000)]
  0x000001dd47e85000 JavaThread "flink-akka.actor.default-dispatcher-3" [_thread_blocked, id=6580, stack(0x00000040bbd00000,0x00000040bbe00000)]
  0x000001dd48984000 JavaThread "flink-scheduler-1" [_thread_blocked, id=9936, stack(0x00000040bbb00000,0x00000040bbc00000)]
  0x000001dd49d21000 JavaThread "mysql-cj-abandoned-connection-cleanup" daemon [_thread_blocked, id=15364, stack(0x00000040bba00000,0x00000040bbb00000)]
  0x000001dd48661000 JavaThread "Service Thread" daemon [_thread_blocked, id=9096, stack(0x00000040bb800000,0x00000040bb900000)]
  0x000001dd48495800 JavaThread "C1 CompilerThread2" daemon [_thread_blocked, id=12376, stack(0x00000040bb700000,0x00000040bb800000)]
  0x000001dd48628000 JavaThread "C2 CompilerThread1" daemon [_thread_blocked, id=17732, stack(0x00000040bb600000,0x00000040bb700000)]
=>0x000001dd484be800 JavaThread "C2 CompilerThread0" daemon [_thread_in_native, id=7652, stack(0x00000040bb500000,0x00000040bb600000)]
  0x000001dd485be800 JavaThread "Monitor Ctrl-Break" daemon [_thread_in_native, id=7888, stack(0x00000040bb400000,0x00000040bb500000)]
  0x000001dd4676f000 JavaThread "Attach Listener" daemon [_thread_blocked, id=18892, stack(0x00000040bb300000,0x00000040bb400000)]
  0x000001dd467dc000 JavaThread "Signal Dispatcher" daemon [_thread_blocked, id=1456, stack(0x00000040bb200000,0x00000040bb300000)]
  0x000001dd4645a800 JavaThread "Finalizer" daemon [_thread_blocked, id=20052, stack(0x00000040bb100000,0x00000040bb200000)]
  0x000001dd46753000 JavaThread "Reference Handler" daemon [_thread_blocked, id=16592, stack(0x00000040bb000000,0x00000040bb100000)]
  0x000001dd2dbf5000 JavaThread "main" [_thread_in_vm, id=18628, stack(0x00000040ba900000,0x00000040baa00000)]

Other Threads:
  0x000001dd4672e800 VMThread [stack: 0x00000040baf00000,0x00000040bb000000] [id=14028]
  0x000001dd48667800 WatcherThread [stack: 0x00000040bb900000,0x00000040bba00000] [id=1140]

VM state:not at safepoint (normal execution)

VM Mutex/Monitor currently owned by a thread: None

heap address: 0x0000000701600000, size: 3050 MB, Compressed Oops mode: Zero based, Oop shift amount: 3
Narrow klass base: 0x0000000000000000, Narrow klass shift: 3
Compressed class space size: 1073741824 Address: 0x00000007c0000000

Heap:
 PSYoungGen      total 249344K, used 89798K [0x0000000780780000, 0x0000000794700000, 0x00000007c0000000)
  eden space 237056K, 33% used [0x0000000780780000,0x00000007853eeaa8,0x000000078ef00000)
  from space 12288K, 93% used [0x000000078ef00000,0x000000078fa42e20,0x000000078fb00000)
  to   space 13312K, 0% used [0x0000000793a00000,0x0000000793a00000,0x0000000794700000)
 ParOldGen       total 135168K, used 15114K [0x0000000701600000, 0x0000000709a00000, 0x0000000780780000)
  object space 135168K, 11% used [0x0000000701600000,0x00000007024c2890,0x0000000709a00000)
 Metaspace       used 68541K, capacity 73594K, committed 73856K, reserved 1114112K
  class space    used 8914K, capacity 9734K, committed 9856K, reserved 1048576K

Card table byte_map: [0x000001dd3ec10000,0x000001dd3f210000] byte_map_base: 0x000001dd3b405000

Marking Bits: (ParMarkBitMap*) 0x0000000051e07860
 Begin Bits: [0x000001dd3f610000, 0x000001dd425b8000)
 End Bits:   [0x000001dd425b8000, 0x000001dd45560000)

Polling page: 0x000001dd2dcf0000

CodeCache: size=245760Kb used=24646Kb max_used=24754Kb free=221113Kb
 bounds [0x000001dd2f850000, 0x000001dd310a0000, 0x000001dd3e850000]
 total_blobs=7627 nmethods=7028 adapters=510
 compilation: enabled

Compilation events (10 events):
Event: 61.112 Thread 0x000001dd48495800 nmethod 7605 0x000001dd3108b690 code [0x000001dd3108bb60, 0x000001dd3108fa00]
Event: 61.112 Thread 0x000001dd48495800 7606       3       java.io.WinNTFileSystem::normalize (143 bytes)
Event: 61.113 Thread 0x000001dd48495800 nmethod 7606 0x000001dd3108a590 code [0x000001dd3108a780, 0x000001dd3108afb0]
Event: 61.181 Thread 0x000001dd48495800 7608       3       java.util.stream.StreamSpliterators$AbstractWrappingSpliterator::characteristics (49 bytes)
Event: 61.182 Thread 0x000001dd48495800 nmethod 7608 0x000001dd31089710 code [0x000001dd310898c0, 0x000001dd31089ff0]
Event: 61.182 Thread 0x000001dd48495800 7609       3       java.util.stream.StreamOpFlag::toStreamFlags (12 bytes)
Event: 61.182 Thread 0x000001dd48495800 nmethod 7609 0x000001dd2f961fd0 code [0x000001dd2f962120, 0x000001dd2f962278]
Event: 61.237 Thread 0x000001dd48495800 7610       1       akka.dispatch.Mailbox::messageQueue (5 bytes)
Event: 61.238 Thread 0x000001dd48495800 nmethod 7610 0x000001dd2f8c1c10 code [0x000001dd2f8c1d60, 0x000001dd2f8c1e78]
Event: 61.247 Thread 0x000001dd484be800 7611   !   4       java.net.URL::<init> (543 bytes)

GC Heap History (10 events):
Event: 29.902 GC heap before
{Heap before GC invocations=8 (full 2):
 PSYoungGen      total 106496K, used 98304K [0x0000000780780000, 0x000000078bb00000, 0x00000007c0000000)
  eden space 98304K, 100% used [0x0000000780780000,0x0000000786780000,0x0000000786780000)
  from space 8192K, 0% used [0x0000000786780000,0x0000000786780000,0x0000000786f80000)
  to   space 11776K, 0% used [0x000000078af80000,0x000000078af80000,0x000000078bb00000)
 ParOldGen       total 104448K, used 11931K [0x0000000701600000, 0x0000000707c00000, 0x0000000780780000)
  object space 104448K, 11% used [0x0000000701600000,0x00000007021a6e60,0x0000000707c00000)
 Metaspace       used 42370K, capacity 44540K, committed 44800K, reserved 1087488K
  class space    used 5322K, capacity 5764K, committed 5888K, reserved 1048576K
Event: 29.917 GC heap after
Heap after GC invocations=8 (full 2):
 PSYoungGen      total 159744K, used 7313K [0x0000000780780000, 0x000000078b700000, 0x00000007c0000000)
  eden space 152064K, 0% used [0x0000000780780000,0x0000000780780000,0x0000000789c00000)
  from space 7680K, 95% used [0x000000078af80000,0x000000078b6a4690,0x000000078b700000)
  to   space 11264K, 0% used [0x000000078a100000,0x000000078a100000,0x000000078ac00000)
 ParOldGen       total 104448K, used 11939K [0x0000000701600000, 0x0000000707c00000, 0x0000000780780000)
  object space 104448K, 11% used [0x0000000701600000,0x00000007021a8e60,0x0000000707c00000)
 Metaspace       used 42370K, capacity 44540K, committed 44800K, reserved 1087488K
  class space    used 5322K, capacity 5764K, committed 5888K, reserved 1048576K
}
Event: 38.980 GC heap before
{Heap before GC invocations=9 (full 2):
 PSYoungGen      total 159744K, used 159377K [0x0000000780780000, 0x000000078b700000, 0x00000007c0000000)
  eden space 152064K, 100% used [0x0000000780780000,0x0000000789c00000,0x0000000789c00000)
  from space 7680K, 95% used [0x000000078af80000,0x000000078b6a4690,0x000000078b700000)
  to   space 11264K, 0% used [0x000000078a100000,0x000000078a100000,0x000000078ac00000)
 ParOldGen       total 104448K, used 11939K [0x0000000701600000, 0x0000000707c00000, 0x0000000780780000)
  object space 104448K, 11% used [0x0000000701600000,0x00000007021a8e60,0x0000000707c00000)
 Metaspace       used 51490K, capacity 54310K, committed 54528K, reserved 1097728K
  class space    used 6542K, capacity 7114K, committed 7168K, reserved 1048576K
Event: 39.109 GC heap after
Heap after GC invocations=9 (full 2):
 PSYoungGen      total 168448K, used 11234K [0x0000000780780000, 0x0000000790780000, 0x00000007c0000000)
  eden space 157184K, 0% used [0x0000000780780000,0x0000000780780000,0x000000078a100000)
  from space 11264K, 99% used [0x000000078a100000,0x000000078abf8820,0x000000078ac00000)
  to   space 12800K, 0% used [0x000000078fb00000,0x000000078fb00000,0x0000000790780000)
 ParOldGen       total 104448K, used 12551K [0x0000000701600000, 0x0000000707c00000, 0x0000000780780000)
  object space 104448K, 12% used [0x0000000701600000,0x0000000702241f28,0x0000000707c00000)
 Metaspace       used 51490K, capacity 54310K, committed 54528K, reserved 1097728K
  class space    used 6542K, capacity 7114K, committed 7168K, reserved 1048576K
}
Event: 46.119 GC heap before
{Heap before GC invocations=10 (full 2):
 PSYoungGen      total 168448K, used 155424K [0x0000000780780000, 0x0000000790780000, 0x00000007c0000000)
  eden space 157184K, 91% used [0x0000000780780000,0x000000078944f808,0x000000078a100000)
  from space 11264K, 99% used [0x000000078a100000,0x000000078abf8820,0x000000078ac00000)
  to   space 12800K, 0% used [0x000000078fb00000,0x000000078fb00000,0x0000000790780000)
 ParOldGen       total 104448K, used 12551K [0x0000000701600000, 0x0000000707c00000, 0x0000000780780000)
  object space 104448K, 12% used [0x0000000701600000,0x0000000702241f28,0x0000000707c00000)
 Metaspace       used 55390K, capacity 58946K, committed 59008K, reserved 1099776K
  class space    used 7109K, capacity 7802K, committed 7808K, reserved 1048576K
Event: 46.178 GC heap after
Heap after GC invocations=10 (full 2):
 PSYoungGen      total 249856K, used 7690K [0x0000000780780000, 0x0000000790b00000, 0x00000007c0000000)
  eden space 237056K, 0% used [0x0000000780780000,0x0000000780780000,0x000000078ef00000)
  from space 12800K, 60% used [0x000000078fb00000,0x0000000790282ba0,0x0000000790780000)
  to   space 12288K, 0% used [0x000000078ef00000,0x000000078ef00000,0x000000078fb00000)
 ParOldGen       total 104448K, used 12559K [0x0000000701600000, 0x0000000707c00000, 0x0000000780780000)
  object space 104448K, 12% used [0x0000000701600000,0x0000000702243f28,0x0000000707c00000)
 Metaspace       used 55390K, capacity 58946K, committed 59008K, reserved 1099776K
  class space    used 7109K, capacity 7802K, committed 7808K, reserved 1048576K
}
Event: 46.178 GC heap before
{Heap before GC invocations=11 (full 3):
 PSYoungGen      total 249856K, used 7690K [0x0000000780780000, 0x0000000790b00000, 0x00000007c0000000)
  eden space 237056K, 0% used [0x0000000780780000,0x0000000780780000,0x000000078ef00000)
  from space 12800K, 60% used [0x000000078fb00000,0x0000000790282ba0,0x0000000790780000)
  to   space 12288K, 0% used [0x000000078ef00000,0x000000078ef00000,0x000000078fb00000)
 ParOldGen       total 104448K, used 12559K [0x0000000701600000, 0x0000000707c00000, 0x0000000780780000)
  object space 104448K, 12% used [0x0000000701600000,0x0000000702243f28,0x0000000707c00000)
 Metaspace       used 55390K, capacity 58946K, committed 59008K, reserved 1099776K
  class space    used 7109K, capacity 7802K, committed 7808K, reserved 1048576K
Event: 46.549 GC heap after
Heap after GC invocations=11 (full 3):
 PSYoungGen      total 249856K, used 0K [0x0000000780780000, 0x0000000790b00000, 0x00000007c0000000)
  eden space 237056K, 0% used [0x0000000780780000,0x0000000780780000,0x000000078ef00000)
  from space 12800K, 0% used [0x000000078fb00000,0x000000078fb00000,0x0000000790780000)
  to   space 12288K, 0% used [0x000000078ef00000,0x000000078ef00000,0x000000078fb00000)
 ParOldGen       total 135168K, used 15106K [0x0000000701600000, 0x0000000709a00000, 0x0000000780780000)
  object space 135168K, 11% used [0x0000000701600000,0x00000007024c0890,0x0000000709a00000)
 Metaspace       used 55185K, capacity 58610K, committed 59008K, reserved 1099776K
  class space    used 7087K, capacity 7726K, committed 7808K, reserved 1048576K
}
Event: 56.084 GC heap before
{Heap before GC invocations=12 (full 3):
 PSYoungGen      total 249856K, used 237056K [0x0000000780780000, 0x0000000790b00000, 0x00000007c0000000)
  eden space 237056K, 100% used [0x0000000780780000,0x000000078ef00000,0x000000078ef00000)
  from space 12800K, 0% used [0x000000078fb00000,0x000000078fb00000,0x0000000790780000)
  to   space 12288K, 0% used [0x000000078ef00000,0x000000078ef00000,0x000000078fb00000)
 ParOldGen       total 135168K, used 15106K [0x0000000701600000, 0x0000000709a00000, 0x0000000780780000)
  object space 135168K, 11% used [0x0000000701600000,0x00000007024c0890,0x0000000709a00000)
 Metaspace       used 62321K, capacity 66788K, committed 66944K, reserved 1107968K
  class space    used 8007K, capacity 8801K, committed 8832K, reserved 1048576K
Event: 56.129 GC heap after
Heap after GC invocations=12 (full 3):
 PSYoungGen      total 249344K, used 11531K [0x0000000780780000, 0x0000000794700000, 0x00000007c0000000)
  eden space 237056K, 0% used [0x0000000780780000,0x0000000780780000,0x000000078ef00000)
  from space 12288K, 93% used [0x000000078ef00000,0x000000078fa42e20,0x000000078fb00000)
  to   space 13312K, 0% used [0x0000000793a00000,0x0000000793a00000,0x0000000794700000)
 ParOldGen       total 135168K, used 15114K [0x0000000701600000, 0x0000000709a00000, 0x0000000780780000)
  object space 135168K, 11% used [0x0000000701600000,0x00000007024c2890,0x0000000709a00000)
 Metaspace       used 62321K, capacity 66788K, committed 66944K, reserved 1107968K
  class space    used 8007K, capacity 8801K, committed 8832K, reserved 1048576K
}

Deoptimization events (10 events):
Event: 57.624 Thread 0x000001dd2dbf5000 Uncommon trap: reason=unstable_if action=reinterpret pc=0x000001dd30732434 method=java.util.regex.Pattern$Slice.match(Ljava/util/regex/Matcher;ILjava/lang/CharSequence;)Z @ 54
Event: 57.962 Thread 0x000001dd2dbf5000 Uncommon trap: reason=unstable_if action=reinterpret pc=0x000001dd2fb6b03c method=sun.nio.cs.UTF_8$Decoder.decode([BII[C)I @ 30
Event: 57.962 Thread 0x000001dd2dbf5000 Uncommon trap: reason=unstable_if action=reinterpret pc=0x000001dd30ffd550 method=java.lang.StringCoding.safeTrim([CILjava/nio/charset/Charset;Z)[C @ 3
Event: 57.963 Thread 0x000001dd2dbf5000 Uncommon trap: reason=unstable_if action=reinterpret pc=0x000001dd2fbed350 method=java.lang.StringCoding.safeTrim([CILjava/nio/charset/Charset;Z)[C @ 3
Event: 57.966 Thread 0x000001dd2dbf5000 Uncommon trap: reason=unstable_if action=reinterpret pc=0x000001dd2fa20db4 method=java.lang.StringCoding.safeTrim([CILjava/nio/charset/Charset;Z)[C @ 3
Event: 60.007 Thread 0x000001dd2dbf5000 Uncommon trap: reason=unstable_if action=reinterpret pc=0x000001dd306af55c method=java.lang.AbstractStringBuilder.setLength(I)V @ 23
Event: 60.050 Thread 0x000001dd2dbf5000 Uncommon trap: reason=unstable_if action=reinterpret pc=0x000001dd306ae870 method=sun.invoke.util.VerifyAccess.isTypeVisible(Ljava/lang/Class;Ljava/lang/Class;)Z @ 77
Event: 60.100 Thread 0x000001dd2dbf5000 Uncommon trap: reason=unstable_if action=reinterpret pc=0x000001dd30d39644 method=org.apache.flink.util.StringUtils.isNullOrWhitespaceOnly(Ljava/lang/String;)Z @ 1
Event: 60.100 Thread 0x000001dd2dbf5000 Uncommon trap: reason=unstable_if action=reinterpret pc=0x000001dd2fcad838 method=java.io.WinNTFileSystem.normalize(Ljava/lang/String;)Ljava/lang/String; @ 128
Event: 61.134 Thread 0x000001dd2dbf5000 Uncommon trap: reason=unstable_if action=reinterpret pc=0x000001dd3105737c method=java.lang.StringCoding.decode(Ljava/lang/String;[BII)[C @ 38

Classes redefined (0 events):
No events

Internal exceptions (10 events):
Event: 57.090 Thread 0x000001dd2dbf5000 Exception <a 'java/lang/NoSuchMethodError': java.lang.Object.$anonfun$addLogger$2$adapted(Lakka/event/LoggingBus;Lakka/actor/ActorRef;Ljava/lang/Object;)Ljava/lang/Object;> (0x0000000781d9f928) thrown at [C:\wsjdk\Corretto8Src\installers\windows\zip\corre
Event: 57.097 Thread 0x000001dd2dbf5000 Exception <a 'java/lang/NoSuchMethodError': java.lang.Object.$anonfun$startDefaultLoggers$5(Lakka/event/LoggingBus;Lscala/collection/immutable/Seq;I)V> (0x0000000781dbbbc8) thrown at [C:\wsjdk\Corretto8Src\installers\windows\zip\corretto-build\buildRoot\s
Event: 57.101 Thread 0x000001dd2dbf5000 Exception <a 'java/lang/NoSuchMethodError': java.lang.Object.$anonfun$removeFromCache$1(Lscala/collection/immutable/Map;Lscala/Tuple2;)Lscala/collection/immutable/Map;> (0x0000000781dca928) thrown at [C:\wsjdk\Corretto8Src\installers\windows\zip\corretto-
Event: 58.275 Thread 0x000001dd2dbf5000 Exception <a 'java/lang/NoSuchMethodError': java.lang.Object.$anonfun$releaseVersion$1$adapted(Ljava/lang/String;)Ljava/lang/Object;> (0x0000000782f9d130) thrown at [C:\wsjdk\Corretto8Src\installers\windows\zip\corretto-build\buildRoot\src\hotspot\src\sha
Event: 58.277 Thread 0x000001dd2dbf5000 Exception <a 'java/lang/NoSuchMethodError': java.lang.Object.$anonfun$releaseVersion$2(Ljava/lang/String;)Ljava/lang/String;> (0x0000000782fa9c18) thrown at [C:\wsjdk\Corretto8Src\installers\windows\zip\corretto-build\buildRoot\src\hotspot\src\share\vm\in
Event: 58.278 Thread 0x000001dd2dbf5000 Exception <a 'java/lang/NoSuchMethodError': java.lang.Object.$anonfun$developmentVersion$1$adapted(Ljava/lang/String;)Ljava/lang/Object;> (0x0000000782fae320) thrown at [C:\wsjdk\Corretto8Src\installers\windows\zip\corretto-build\buildRoot\src\hotspot\src
Event: 58.279 Thread 0x000001dd2dbf5000 Exception <a 'java/lang/NoSuchMethodError': java.lang.Object.$anonfun$developmentVersion$2(Lscala/util/PropertiesTrait;Ljava/lang/String;)Lscala/Option;> (0x0000000782fb2660) thrown at [C:\wsjdk\Corretto8Src\installers\windows\zip\corretto-build\buildRoot
Event: 58.364 Thread 0x000001dd2dbf5000 Exception <a 'java/lang/NoSuchMethodError': java.lang.Object.$anonfun$indexWhere$1$adapted(Lscala/Function1;Ljava/lang/Object;)Ljava/lang/Object;> (0x00000007831c9720) thrown at [C:\wsjdk\Corretto8Src\installers\windows\zip\corretto-build\buildRoot\src\ho
Event: 60.100 Thread 0x000001dd2dbf5000 Implicit null exception at 0x000001dd30d3952f to 0x000001dd30d39635
Event: 61.157 Thread 0x000001dd2dbf5000 Exception <a 'java/lang/NoSuchMethodError': java.lang.Object.lambda$static$0(Ljava/lang/String;)Ljava/util/Set;> (0x0000000784aafff0) thrown at [C:\wsjdk\Corretto8Src\installers\windows\zip\corretto-build\buildRoot\src\hotspot\src\share\vm\interpreter\lin

Events (10 events):
Event: 61.246 loading class org/apache/flink/runtime/taskexecutor/slot/TimeoutListener
Event: 61.246 loading class org/apache/flink/runtime/taskexecutor/slot/TimeoutListener done
Event: 61.248 loading class org/apache/flink/runtime/io/network/TaskEventDispatcher
Event: 61.248 loading class org/apache/flink/runtime/io/network/TaskEventDispatcher done
Event: 61.250 loading class org/apache/flink/runtime/io/disk/FileChannelManager
Event: 61.250 loading class org/apache/flink/runtime/io/disk/FileChannelManager done
Event: 61.251 loading class org/apache/flink/runtime/io/disk/iomanager/BlockChannelReader
Event: 61.251 loading class org/apache/flink/runtime/io/disk/iomanager/BlockChannelReader done
Event: 61.252 loading class org/apache/flink/runtime/io/disk/iomanager/FileIOChannel
Event: 61.252 loading class org/apache/flink/runtime/io/disk/iomanager/FileIOChannel done


Dynamic libraries:
0x00007ff77a540000 - 0x00007ff77a57a000 	D:\jdk1.8\bin\java.exe
0x00007ff9ef910000 - 0x00007ff9efb08000 	C:\WINDOWS\SYSTEM32\ntdll.dll
0x00007ff9ee2a0000 - 0x00007ff9ee35d000 	C:\WINDOWS\System32\KERNEL32.DLL
0x00007ff9ed2e0000 - 0x00007ff9ed5b2000 	C:\WINDOWS\System32\KERNELBASE.dll
0x00007ff9ef820000 - 0x00007ff9ef8ce000 	C:\WINDOWS\System32\ADVAPI32.dll
0x00007ff9ee950000 - 0x00007ff9ee9ee000 	C:\WINDOWS\System32\msvcrt.dll
0x00007ff9ee060000 - 0x00007ff9ee0fc000 	C:\WINDOWS\System32\sechost.dll
0x00007ff9ef5c0000 - 0x00007ff9ef6e5000 	C:\WINDOWS\System32\RPCRT4.dll
0x00007ff9ede60000 - 0x00007ff9edffd000 	C:\WINDOWS\System32\USER32.dll
0x00007ff9ed840000 - 0x00007ff9ed862000 	C:\WINDOWS\System32\win32u.dll
0x00007ff9ef250000 - 0x00007ff9ef27b000 	C:\WINDOWS\System32\GDI32.dll
0x00007ff9ed020000 - 0x00007ff9ed12f000 	C:\WINDOWS\System32\gdi32full.dll
0x00007ff9ed680000 - 0x00007ff9ed71d000 	C:\WINDOWS\System32\msvcp_win.dll
0x00007ff9ed870000 - 0x00007ff9ed970000 	C:\WINDOWS\System32\ucrtbase.dll
0x00007ff9dd6f0000 - 0x00007ff9dd98a000 	C:\WINDOWS\WinSxS\amd64_microsoft.windows.common-controls_6595b64144ccf1df_6.0.19041.1110_none_60b5254171f9507e\COMCTL32.dll
0x00007ff9ee3e0000 - 0x00007ff9ee410000 	C:\WINDOWS\System32\IMM32.DLL
0x00007ff9c7940000 - 0x00007ff9c7a2f000 	D:\jdk1.8\jre\bin\msvcr120.dll
0x00007ff9bbf20000 - 0x00007ff9bbfc6000 	D:\jdk1.8\jre\bin\msvcp120.dll
0x0000000051610000 - 0x0000000051e86000 	D:\jdk1.8\jre\bin\server\jvm.dll
0x00007ff9eea60000 - 0x00007ff9eea68000 	C:\WINDOWS\System32\PSAPI.DLL
0x00007ff9dbc10000 - 0x00007ff9dbc19000 	C:\WINDOWS\SYSTEM32\WSOCK32.dll
0x00007ff9ee9f0000 - 0x00007ff9eea5b000 	C:\WINDOWS\System32\WS2_32.dll
0x00007ff9dcb20000 - 0x00007ff9dcb47000 	C:\WINDOWS\SYSTEM32\WINMM.dll
0x00007ff9df7a0000 - 0x00007ff9df7aa000 	C:\WINDOWS\SYSTEM32\VERSION.dll
0x00007ff9e8750000 - 0x00007ff9e875f000 	D:\jdk1.8\jre\bin\verify.dll
0x00007ff9e1840000 - 0x00007ff9e1869000 	D:\jdk1.8\jre\bin\java.dll
0x00007ff9c4270000 - 0x00007ff9c429a000 	D:\jdk1.8\jre\bin\instrument.dll
0x00007ff9e4510000 - 0x00007ff9e4526000 	D:\jdk1.8\jre\bin\zip.dll
0x00007ff9eeb00000 - 0x00007ff9ef243000 	C:\WINDOWS\System32\SHELL32.dll
0x00007ff9ead90000 - 0x00007ff9eb521000 	C:\WINDOWS\SYSTEM32\windows.storage.dll
0x00007ff9ed9d0000 - 0x00007ff9edd24000 	C:\WINDOWS\System32\combase.dll
0x00007ff9eca80000 - 0x00007ff9ecab0000 	C:\WINDOWS\SYSTEM32\Wldp.dll
0x00007ff9ee100000 - 0x00007ff9ee1ad000 	C:\WINDOWS\System32\SHCORE.dll
0x00007ff9edde0000 - 0x00007ff9ede35000 	C:\WINDOWS\System32\shlwapi.dll
0x00007ff9ecf60000 - 0x00007ff9ecf7f000 	C:\WINDOWS\SYSTEM32\profapi.dll
0x00007ff9e4220000 - 0x00007ff9e423a000 	D:\Program Files\JetBrains\IntelliJ IDEA 2020.3.2\bin\breakgen64.dll
0x00007ff9cff10000 - 0x00007ff9cff2a000 	D:\jdk1.8\jre\bin\net.dll
0x00007ff9ec7e0000 - 0x00007ff9ec84a000 	C:\WINDOWS\system32\mswsock.dll
0x00007ff9e59c0000 - 0x00007ff9e59cd000 	D:\jdk1.8\jre\bin\management.dll
0x00007ff9ce7e0000 - 0x00007ff9ce7f2000 	D:\jdk1.8\jre\bin\nio.dll
0x00007ff9ec9e0000 - 0x00007ff9ec9f8000 	C:\WINDOWS\SYSTEM32\CRYPTSP.dll
0x00007ff9ec090000 - 0x00007ff9ec0c4000 	C:\WINDOWS\system32\rsaenh.dll
0x00007ff9ed650000 - 0x00007ff9ed677000 	C:\WINDOWS\System32\bcrypt.dll
0x00007ff9ecf20000 - 0x00007ff9ecf4e000 	C:\WINDOWS\SYSTEM32\USERENV.dll
0x00007ff9ed5c0000 - 0x00007ff9ed642000 	C:\WINDOWS\System32\bcryptprimitives.dll
0x00007ff9ec9d0000 - 0x00007ff9ec9dc000 	C:\WINDOWS\SYSTEM32\CRYPTBASE.dll
0x00007ff9ec480000 - 0x00007ff9ec4bb000 	C:\WINDOWS\SYSTEM32\IPHLPAPI.DLL
0x00007ff9ef810000 - 0x00007ff9ef818000 	C:\WINDOWS\System32\NSI.dll
0x00007ff9e0b80000 - 0x00007ff9e0b97000 	C:\WINDOWS\SYSTEM32\dhcpcsvc6.DLL
0x00007ff9e0b60000 - 0x00007ff9e0b7d000 	C:\WINDOWS\SYSTEM32\dhcpcsvc.DLL
0x00007ff9ec4d0000 - 0x00007ff9ec59a000 	C:\WINDOWS\SYSTEM32\DNSAPI.dll
0x00007ff9daee0000 - 0x00007ff9daf13000 	C:\Program Files (x86)\Sangfor\SSL\ClientComponent\SangforNspX64.dll
0x00007ff9ef280000 - 0x00007ff9ef3aa000 	C:\WINDOWS\System32\ole32.dll
0x00007ff9ee880000 - 0x00007ff9ee94d000 	C:\WINDOWS\System32\OLEAUT32.dll
0x00007ff9d2e60000 - 0x00007ff9d2e77000 	C:\WINDOWS\system32\napinsp.dll
0x00007ff9d2e40000 - 0x00007ff9d2e5b000 	C:\WINDOWS\system32\pnrpnsp.dll
0x00007ff9e69b0000 - 0x00007ff9e69c5000 	C:\WINDOWS\system32\wshbth.dll
0x00007ff9e7c70000 - 0x00007ff9e7c8d000 	C:\WINDOWS\system32\NLAapi.dll
0x00007ff9d1030000 - 0x00007ff9d1042000 	C:\WINDOWS\System32\winrnr.dll
0x00007ff9e3aa0000 - 0x00007ff9e3aaa000 	C:\Windows\System32\rasadhlp.dll
0x00007ff9df450000 - 0x00007ff9df4d0000 	C:\WINDOWS\System32\fwpuclnt.dll

VM Arguments:
jvm_args: -javaagent:D:\Program Files\JetBrains\IntelliJ IDEA 2020.3.2\lib\idea_rt.jar=53119:D:\Program Files\JetBrains\IntelliJ IDEA 2020.3.2\bin -Dfile.encoding=UTF-8 
java_command: com.maple.app.dwd.DwdTradeOrderPreProcess
java_class_path (initial): D:\jdk1.8\jre\lib\charsets.jar;D:\jdk1.8\jre\lib\ext\access-bridge-64.jar;D:\jdk1.8\jre\lib\ext\cldrdata.jar;D:\jdk1.8\jre\lib\ext\dnsns.jar;D:\jdk1.8\jre\lib\ext\jaccess.jar;D:\jdk1.8\jre\lib\ext\jfxrt.jar;D:\jdk1.8\jre\lib\ext\localedata.jar;D:\jdk1.8\jre\lib\ext\nashorn.jar;D:\jdk1.8\jre\lib\ext\sunec.jar;D:\jdk1.8\jre\lib\ext\sunjce_provider.jar;D:\jdk1.8\jre\lib\ext\sunmscapi.jar;D:\jdk1.8\jre\lib\ext\sunpkcs11.jar;D:\jdk1.8\jre\lib\ext\zipfs.jar;D:\jdk1.8\jre\lib\jce.jar;D:\jdk1.8\jre\lib\jfr.jar;D:\jdk1.8\jre\lib\jfxswt.jar;D:\jdk1.8\jre\lib\jsse.jar;D:\jdk1.8\jre\lib\management-agent.jar;D:\jdk1.8\jre\lib\resources.jar;D:\jdk1.8\jre\lib\rt.jar;D:\ChromeCoreDownloads\q\gmall-flink\gmall-realtime\target\classes;D:\Maven\respository\org\apache\flink\flink-java\1.13.0\flink-java-1.13.0.jar;D:\Maven\respository\org\apache\flink\flink-core\1.13.0\flink-core-1.13.0.jar;D:\Maven\respository\org\apache\flink\flink-annotations\1.13.0\flink-annotations-1.13.0.jar;D:\Maven\respository\org\apache\flink\flink-metrics-core\1.13.0\flink-metrics-core-1.13.0.jar;D:\Maven\respository\org\apache\flink\flink-shaded-asm-7\7.1-13.0\flink-shaded-asm-7-7.1-13.0.jar;D:\Maven\respository\com\esotericsoftware\kryo\kryo\2.24.0\kryo-2.24.0.jar;D:\Maven\respository\com\esotericsoftware\minlog\minlog\1.2\minlog-1.2.jar;D:\Maven\respository\org\objenesis\objenesis\2.1\objenesis-2.1.jar;D:\Maven\respository\org\apache\commons\commons-compress\1.20\commons-compress-1.20.jar;D:\Maven\respository\org\apache\commons\commons-lang3\3.3.2\commons-lang3-3.3.2.jar;D:\Maven\respository\org\apache\commons\commons-math3\3.5\commons-math3-3.5.jar;D:\Maven\respository\com\google\code\findbugs\jsr305\1.3.9\jsr305-1.3.9.jar;D:\Maven\respository\org\apache\flink\force-shading\1.13.0\force-shading-1.13.0.jar;D:\Maven\respository\org\apache\flink\flink-streaming-java_2.12\1.13.0\flink-streaming-java_2.12-1.13.0.jar;D:\Maven\respository\org\apache\flink\flink-file-sink-common\1.13.0
Launcher Type: SUN_STANDARD

Environment Variables:
JAVA_HOME=D:\jdk1.8
PATH=C:\Program Files\Microsoft MPI\Bin\;C:\Program Files (x86)\VMware\VMware Workstation\bin\;C:\Program Files (x86)\Common Files\Oracle\Java\javapath;D:\Program Files (x86)\VMware\VMware Workstation\bin\;C:\WINDOWS\system32;C:\WINDOWS;C:\WINDOWS\System32\Wbem;C:\WINDOWS\System32\WindowsPowerShell\v1.0\;C:\WINDOWS\System32\OpenSSH\;D:\jdk-15.0.1\bin\;D:\jdk-15.0.1\jre\bin;D:\git\git\Git\cmd;D:\git\tortoiseGit\bin;D:\Users\Jerry.Smith\AppData\Local\Programs\Python\Python39\Scripts;D:\hadoop\hadoop-3.3.1\bin;D:\nodejs\;D:\Maven\apache-maven\bin;D:\texlive\2022\bin\win32;D:\jdk1.8\bin;D:\neo4j-community-3.5.8\bin;D:\spark-3.0.0-bin-hadoop3.2\bin;D:\miniconda3\condabin;D:\miniconda3\Scripts;D:\miniconda3\Library\bin;D:\Program Files (x86)\Microsoft SQL Server\150\Tools\Binn\;D:\Program Files\Microsoft SQL Server\150\Tools\Binn\;D:\Program Files (x86)\Microsoft SQL Server\150\DTS\Binn\;D:\Program Files\Microsoft SQL Server\150\DTS\Binn\;D:\Program Files\Microsoft SQL Server\Client SDK\ODBC\170\Tools\Binn\;C:\Program Files\Azure Data Studio\bin;D:\mingw64\bin;D:\Users\Jerry.Smith\AppData\Local\Programs\Python\Python39\Scripts\;D:\Users\Jerry.Smith\AppData\Local\Programs\Python\Python39\;C:\Users\Jerry.Smith\AppData\Local\Microsoft\WindowsApps;D:\Users\Jerry.Smith\AppData\Local\Programs\Microsoft VS Code\bin;D:\nodejs;C:\Users\Jerry.Smith\AppData\Roaming\npm;C:\Program Files\Azure Data Studio\bin
USERNAME=Jerry.Smith
OS=Windows_NT
PROCESSOR_IDENTIFIER=Intel64 Family 6 Model 61 Stepping 4, GenuineIntel



---------------  S Y S T E M  ---------------

OS: Windows 10.0 , 64 bit Build 19041 (10.0.19041.1889)

CPU:total 4 (initial active 4) (2 cores per cpu, 2 threads per core) family 6 model 61 stepping 4, cmov, cx8, fxsr, mmx, sse, sse2, sse3, ssse3, sse4.1, sse4.2, popcnt, avx, avx2, aes, clmul, erms, 3dnowpref, lzcnt, ht, tsc, tscinvbit, bmi1, bmi2, adx

Memory: 4k page, physical 12492484k(317272k free), swap 25445896k(452k free)

vm_info: OpenJDK 64-Bit Server VM (25.322-b06) for windows-amd64 JRE (1.8.0_322-b06), built on Jan 13 2022 23:37:51 by "Administrator" with MS VC++ 12.0 (VS2013)

time: Fri Nov 11 17:39:25 2022
timezone: ?¨ª¨¤¡ä?¡Â??¡ã?¦Ìo¡À¨º¡Á?¨º¡À??
elapsed time: 61.267008 seconds (0d 0h 1m 1s)

